====================
[Date] 2022-01-17 21:35:09
[PC Name] STAMPEDE
[Error Message] The process cannot access the file 'C:\Users\xcast\Documents\GitHub\Screenshot_Editor\GTAWorld Screenshot Editor\bin\Release\cached_screens\screenshot_20220117_084043.jpg' because it is being used by another process.
[Stack Trace]
   at System.IO.__Error.WinIOError(Int32 errorCode, String maybeFullPath)
   at System.IO.File.InternalDelete(String path, Boolean checkHost)
   at System.IO.File.Delete(String path)
   at GTAWorld_Screenshot_Editor.MainViewModel.DeleteCachedImageExecute(Object obj)


[InnerException]

====================
 
====================
[Date] 2022-01-17 21:35:25
[PC Name] STAMPEDE
[Error Message] The process cannot access the file 'C:\Users\xcast\Documents\GitHub\Screenshot_Editor\GTAWorld Screenshot Editor\bin\Release\cached_screens\screenshot_20220117_084043.jpg' because it is being used by another process.
[Stack Trace]
   at System.IO.__Error.WinIOError(Int32 errorCode, String maybeFullPath)
   at System.IO.File.InternalDelete(String path, Boolean checkHost)
   at System.IO.File.Delete(String path)
   at GTAWorld_Screenshot_Editor.MainViewModel.DeleteCachedImageExecute(Object obj)


[InnerException]

====================
 
====================
[Date] 2022-01-17 21:35:36
[PC Name] STAMPEDE
[Error Message] The process cannot access the file 'C:\Users\xcast\Documents\GitHub\Screenshot_Editor\GTAWorld Screenshot Editor\bin\Release\cached_screens\screenshot_20220117_084043.jpg' because it is being used by another process.
[Stack Trace]
   at System.IO.__Error.WinIOError(Int32 errorCode, String maybeFullPath)
   at System.IO.File.InternalDelete(String path, Boolean checkHost)
   at System.IO.File.Delete(String path)
   at GTAWorld_Screenshot_Editor.MainViewModel.DeleteCachedImageExecute(Object obj)


[InnerException]

====================
 
====================
[Date] 2022-01-17 21:39:56
[PC Name] STAMPEDE
[Error Message] Object reference not set to an instance of an object.
[Stack Trace]
   at System.Uri.CreateThisFromUri(Uri otherUri)
   at System.Uri..ctor(Uri baseUri, Uri relativeUri)
   at System.Windows.Media.Imaging.BitmapImage.FinalizeCreation()
   at System.Windows.Media.Imaging.BitmapImage.EndInit()
   at GTAWorld_Screenshot_Editor.Models.CacheScreenshot.InitImage()
   at GTAWorld_Screenshot_Editor.MainViewModel.CacheCurrentImageAndText()
   at GTAWorld_Screenshot_Editor.MainViewModel.SaveCacheExecute(Object obj)


[InnerException]

====================
 
